<Fault 1: 'Traceback (most recent call last):\n  File "/usr/lib/python3/dist-packages/odoo/tools/cache.py", line 103, in lookup\n    r = d[key]\n        ~^^^^^\n  File "/usr/lib/python3/dist-packages/decorator.py", line 232, in fun\n    return caller(func, *(extras + args), **kw)\n           ^^^^^^^^^^^^^^^^^^^^^^^^^^^^^^^^^^^^\n  File "/usr/lib/python3/dist-packages/odoo/tools/func.py", line 97, in locked\n    return func(inst, *args, **kwargs)\n           ^^^^^^^^^^^^^^^^^^^^^^^^^^^\n  File "/usr/lib/python3/dist-packages/odoo/tools/lru.py", line 33, in __getitem__\n    a = self.d[obj]\n        ~~~~~~^^^^^\nKeyError: (\'ir.model.data\', <function IrModelData._xmlid_lookup at 0x7f67cf6aade0>, \'import_wizards_caisse_manager_18.action_cm_master_import_wizard\')\n\nDuring handling of the above exception, another exception occurred:\n\nTraceback (most recent call last):\n  File "/usr/lib/python3/dist-packages/odoo/tools/convert.py", line 590, in _tag_root\n    f(rec)\n  File "/usr/lib/python3/dist-packages/odoo/tools/convert.py", line 412, in _tag_record\n    f_val = _eval_xml(self, field, env)\n            ^^^^^^^^^^^^^^^^^^^^^^^^^^^\n  File "/usr/lib/python3/dist-packages/odoo/tools/convert.py", line 127, in _eval_xml\n    +_process("".join(etree.tostring(n, encoding=\'unicode\') for n in node))\n     ^^^^^^^^^^^^^^^^^^^^^^^^^^^^^^^^^^^^^^^^^^^^^^^^^^^^^^^^^^^^^^^^^^^^^^\n  File "/usr/lib/python3/dist-packages/odoo/tools/convert.py", line 116, in _process\n    self.idref[id] = self.id_get(id)\n                     ^^^^^^^^^^^^^^^\n  File "/usr/lib/python3/dist-packages/odoo/tools/convert.py", line 572, in id_get\n    res = self.model_id_get(id_str, raise_if_not_found)\n          ^^^^^^^^^^^^^^^^^^^^^^^^^^^^^^^^^^^^^^^^^^^^^\n  File "/usr/lib/python3/dist-packages/odoo/tools/convert.py", line 578, in model_id_get\n    return self.env[\'ir.model.data\']._xmlid_to_res_model_res_id(id_str, raise_if_not_found=raise_if_not_found)\n           ^^^^^^^^^^^^^^^^^^^^^^^^^^^^^^^^^^^^^^^^^^^^^^^^^^^^^^^^^^^^^^^^^^^^^^^^^^^^^^^^^^^^^^^^^^^^^^^^^^^\n  File "/usr/lib/python3/dist-packages/odoo/addons/base/models/ir_model.py", line 2268, in _xmlid_to_res_model_res_id\n    return self._xmlid_lookup(xmlid)\n           ^^^^^^^^^^^^^^^^^^^^^^^^^\n  File "/usr/lib/python3/dist-packages/decorator.py", line 232, in fun\n    return caller(func, *(extras + args), **kw)\n           ^^^^^^^^^^^^^^^^^^^^^^^^^^^^^^^^^^^^\n  File "/usr/lib/python3/dist-packages/odoo/tools/cache.py", line 110, in lookup\n    value = d[key] = self.method(*args, **kwargs)\n                     ^^^^^^^^^^^^^^^^^^^^^^^^^^^^\n  File "/usr/lib/python3/dist-packages/odoo/addons/base/models/ir_model.py", line 2261, in _xmlid_lookup\n    raise ValueError(\'External ID not found in the system: %s\' % xmlid)\nValueError: External ID not found in the system: import_wizards_caisse_manager_18.action_cm_master_import_wizard\n\nThe above exception was the direct cause of the following exception:\n\nTraceback (most recent call last):\n  File "/usr/lib/python3/dist-packages/odoo/addons/base/controllers/rpc.py", line 165, in xmlrpc_2\n    response = self._xmlrpc(service)\n               ^^^^^^^^^^^^^^^^^^^^^\n  File "/usr/lib/python3/dist-packages/odoo/addons/base/controllers/rpc.py", line 139, in _xmlrpc\n    result = dispatch_rpc(service, method, params)\n             ^^^^^^^^^^^^^^^^^^^^^^^^^^^^^^^^^^^^^\n  File "/usr/lib/python3/dist-packages/odoo/http.py", line 412, in dispatch_rpc\n    return dispatch(method, params)\n           ^^^^^^^^^^^^^^^^^^^^^^^^\n  File "/usr/lib/python3/dist-packages/odoo/service/model.py", line 58, in dispatch\n    res = execute_kw(db, uid, *params[3:])\n          ^^^^^^^^^^^^^^^^^^^^^^^^^^^^^^^^\n  File "/usr/lib/python3/dist-packages/odoo/service/model.py", line 81, in execute_kw\n    return execute(db, uid, obj, method, *args, **kw or {})\n           ^^^^^^^^^^^^^^^^^^^^^^^^^^^^^^^^^^^^^^^^^^^^^^^^\n  File "/usr/lib/python3/dist-packages/odoo/service/model.py", line 87, in execute\n    res = execute_cr(cr, uid, obj, method, *args, **kw)\n          ^^^^^^^^^^^^^^^^^^^^^^^^^^^^^^^^^^^^^^^^^^^^^\n  File "/usr/lib/python3/dist-packages/odoo/service/model.py", line 72, in execute_cr\n    result = retrying(partial(odoo.api.call_kw, recs, method, args, kw), env)\n             ^^^^^^^^^^^^^^^^^^^^^^^^^^^^^^^^^^^^^^^^^^^^^^^^^^^^^^^^^^^^^^^^\n  File "/usr/lib/python3/dist-packages/odoo/service/model.py", line 156, in retrying\n    result = func()\n             ^^^^^^\n  File "/usr/lib/python3/dist-packages/odoo/api.py", line 535, in call_kw\n    result = getattr(recs, name)(*args, **kwargs)\n             ^^^^^^^^^^^^^^^^^^^^^^^^^^^^^^^^^^^^\n  File "/usr/lib/python3/dist-packages/decorator.py", line 232, in fun\n    return caller(func, *(extras + args), **kw)\n           ^^^^^^^^^^^^^^^^^^^^^^^^^^^^^^^^^^^^\n  File "/usr/lib/python3/dist-packages/odoo/addons/base/models/ir_module.py", line 76, in check_and_log\n    return method(self, *args, **kwargs)\n           ^^^^^^^^^^^^^^^^^^^^^^^^^^^^^\n  File "/usr/lib/python3/dist-packages/odoo/addons/base/models/ir_module.py", line 492, in button_immediate_install\n    return self._button_immediate_function(self.env.registry[self._name].button_install)\n           ^^^^^^^^^^^^^^^^^^^^^^^^^^^^^^^^^^^^^^^^^^^^^^^^^^^^^^^^^^^^^^^^^^^^^^^^^^^^^\n  File "/usr/lib/python3/dist-packages/odoo/addons/base/models/ir_module.py", line 616, in _button_immediate_function\n    registry = modules.registry.Registry.new(self._cr.dbname, update_module=True)\n               ^^^^^^^^^^^^^^^^^^^^^^^^^^^^^^^^^^^^^^^^^^^^^^^^^^^^^^^^^^^^^^^^^^\n  File "/usr/lib/python3/dist-packages/decorator.py", line 232, in fun\n    return caller(func, *(extras + args), **kw)\n           ^^^^^^^^^^^^^^^^^^^^^^^^^^^^^^^^^^^^\n  File "/usr/lib/python3/dist-packages/odoo/tools/func.py", line 97, in locked\n    return func(inst, *args, **kwargs)\n           ^^^^^^^^^^^^^^^^^^^^^^^^^^^\n  File "/usr/lib/python3/dist-packages/odoo/modules/registry.py", line 129, in new\n    odoo.modules.load_modules(registry, force_demo, status, update_module)\n  File "/usr/lib/python3/dist-packages/odoo/modules/loading.py", line 489, in load_modules\n    processed_modules += load_marked_modules(env, graph,\n                         ^^^^^^^^^^^^^^^^^^^^^^^^^^^^^^^\n  File "/usr/lib/python3/dist-packages/odoo/modules/loading.py", line 365, in load_marked_modules\n    loaded, processed = load_module_graph(\n                        ^^^^^^^^^^^^^^^^^^\n  File "/usr/lib/python3/dist-packages/odoo/modules/loading.py", line 228, in load_module_graph\n    load_data(env, idref, mode, kind=\'data\', package=package)\n  File "/usr/lib/python3/dist-packages/odoo/modules/loading.py", line 72, in load_data\n    tools.convert_file(env, package.name, filename, idref, mode, noupdate, kind)\n  File "/usr/lib/python3/dist-packages/odoo/tools/convert.py", line 662, in convert_file\n    convert_xml_import(env, module, fp, idref, mode, noupdate)\n  File "/usr/lib/python3/dist-packages/odoo/tools/convert.py", line 733, in convert_xml_import\n    obj.parse(doc.getroot())\n  File "/usr/lib/python3/dist-packages/odoo/tools/convert.py", line 648, in parse\n    self._tag_root(de)\n  File "/usr/lib/python3/dist-packages/odoo/tools/convert.py", line 603, in _tag_root\n    raise ParseError(\'while parsing %s:%s, somewhere inside\\n%s\' % (\nodoo.tools.convert.ParseError: while parsing /mnt/extra-addons/import_wizards_caisse_manager_18/views/import_center_views.xml:5, somewhere inside\n<record id="view_cm_import_center_form" model="ir.ui.view">\n    <field name="name">cm.import.center.form</field>\n    <field name="model">cm.import.center</field>\n    <field name="arch" type="xml">\n      <form string="CM Imports">\n        <sheet>\n          <group>\n            <field name="note" nolabel="1" readonly="1"/>\n          </group>\n\n          <group string="Import menus">\n            <group>\n              <button name="action_open_categories" type="object" class="btn-primary" string="Categories (product.category)"/>\n\n              <!-- Split Products into Raw & Finished -->\n              <button name="action_open_products_raw" type="object" class="btn-primary" string="Raw Materials (product.raw)"/>\n              <button name="action_open_products_finished" type="object" class="btn-primary" string="Finished Products (product.finished)"/>\n\n              <button name="action_open_locations" type="object" class="btn-secondary" string="Locations (stock.location)"/>\n\n              <!-- Point BOMs to mrp.bom.finished -->\n              <button name="action_open_boms_finished" type="object" class="btn-secondary" string="BOMs (mrp.bom.finished)"/>\n\n              <!--\n              <button type="action"\n                      name="%(action_cm_master_import_wizard)d"\n                      class="btn-link"\n                      string="Master Import (All Sheets)"/>\n              -->\n            </group>\n          </group>\n        </sheet>\n      </form>\n    </field>\n  </record>\n'>